<?xml version="1.0" encoding="UTF-8"?>
<testng-results ignored="0" total="2" passed="2" failed="0" skipped="0">
  <reporter-output>
  </reporter-output>
  <suite started-at="2023-02-12T20:02:32 IST" name="Default suite" finished-at="2023-02-12T20:03:59 IST" duration-ms="87174">
    <groups>
    </groups>
    <test started-at="2023-02-12T20:02:32 IST" name="Default test" finished-at="2023-02-12T20:03:59 IST" duration-ms="87174">
      <class name="TestCases.TC_01Login">
        <test-method is-config="true" signature="setup()[pri:0, instance:TestCases.TC_01Login@71ba6d4e]" started-at="2023-02-12T20:02:32 IST" name="setup" finished-at="2023-02-12T20:03:09 IST" duration-ms="36935" status="PASS">
          <reporter-output>
          </reporter-output>
        </test-method> <!-- setup -->
        <test-method signature="VerifyMoneyPage_02()[pri:0, instance:TestCases.TC_01Login@71ba6d4e]" started-at="2023-02-12T20:03:09 IST" name="VerifyMoneyPage_02" finished-at="2023-02-12T20:03:32 IST" duration-ms="23080" status="PASS">
          <reporter-output>
          </reporter-output>
        </test-method> <!-- VerifyMoneyPage_02 -->
        <test-method is-config="true" signature="setup()[pri:0, instance:TestCases.TC_01Login@71ba6d4e]" started-at="2023-02-12T20:03:32 IST" name="setup" finished-at="2023-02-12T20:03:59 IST" duration-ms="27012" status="PASS">
          <reporter-output>
          </reporter-output>
        </test-method> <!-- setup -->
        <test-method signature="VerifyTitleTest_01()[pri:1, instance:TestCases.TC_01Login@71ba6d4e]" started-at="2023-02-12T20:03:59 IST" name="VerifyTitleTest_01" finished-at="2023-02-12T20:03:59 IST" duration-ms="32" status="PASS">
          <reporter-output>
          </reporter-output>
        </test-method> <!-- VerifyTitleTest_01 -->
      </class> <!-- TestCases.TC_01Login -->
    </test> <!-- Default test -->
  </suite> <!-- Default suite -->
</testng-results>
