<?xml version="1.0" encoding="UTF-8"?>
<!-- Generated by org.testng.reporters.JUnitXMLReporter -->
<testsuite ignored="0" hostname="acer" failures="0" tests="5" name="Test" time="271.914" errors="0" timestamp="2023-02-11T12:17:14 IST">
  <testcase classname="TestCases.TC_02NiftyPage" name="VerifyMoneyPage" time="13.704"/>
  <testcase classname="TestCases.TC_02NiftyPage" name="VerifyMoneyTitle" time="0.024"/>
  <testcase classname="TestCases.TC_03NazaraPage" name="VerifyNazara" time="0.696"/>
  <testcase classname="TestCases.TC_01Login" name="VerifyMoneyPage_02" time="16.055"/>
  <testcase classname="TestCases.TC_01Login" name="VerifyTitleTest_01" time="0.264"/>
</testsuite> <!-- Test -->
